#
# A fatal error has been detected by the Java Runtime Environment:
#
#  EXCEPTION_ACCESS_VIOLATION (0xc0000005) at pc=0x00000000526a2f83, pid=6600, tid=10936
#
# JRE version:  (9.0+11) (build )
# Java VM: Java HotSpot(TM) 64-Bit Server VM (9.0.4+11, mixed mode, tiered, compressed oops, g1 gc, windows-amd64)
# Problematic frame:
# V  [jvm.dll+0x1b2f83]
#
# No core dump will be written. Minidumps are not enabled by default on client versions of Windows
#
# If you would like to submit a bug report, please visit:
#   http://bugreport.java.com/bugreport/crash.jsp
#

---------------  S U M M A R Y ------------

Command Line: C:\Users\JMV\Desktop\JAVA\projetos\tutorials-master\GameJavaFx\src\Game.java

Host: Intel(R) Core(TM) i3-6006U CPU @ 2.00GHz, 4 cores, 3G,  Windows 10 , 64 bit Build 16299 (10.0.16299.15)
Time: Fri Mar 09 15:28:14 2018 Hora oficial do Brasil elapsed time: 0 seconds (0d 0h 0m 0s)

---------------  T H R E A D  ---------------

Current thread (0x000002688d80c800):  JavaThread "Unknown thread" [_thread_in_vm, id=10936, stack(0x000000840e600000,0x000000840e700000)]

Stack: [0x000000840e600000,0x000000840e700000],  sp=0x000000840e6ff640,  free space=1021k
Native frames: (J=compiled Java code, j=interpreted, Vv=VM code, C=native code)


siginfo: EXCEPTION_ACCESS_VIOLATION (0xc0000005), reading address 0x0000000000000000


Registers:
RAX=0x0000000000000001, RBX=0x0000000000000000, RCX=0x0000000000000000, RDX=0x000002688d7ef201
RSP=0x000000840e6ff640, RBP=0x0000000000000000, RSI=0x000000840e6ffa78, RDI=0x000002688d80c800
R8 =0x0000000000000000, R9 =0x0000000000000006, R10=0x0000000000000007, R11=0x000000840e6feed0
R12=0x0000000052a2f920, R13=0x000002688d7da5d0, R14=0x000002688d7ec388, R15=0x0000000000000000
RIP=0x00000000526a2f83, EFLAGS=0x0000000000010256

Top of Stack: (sp=0x000000840e6ff640)
0x000000840e6ff640:   000002688d8179d0 0000000052a9d773
0x000000840e6ff650:   0000000000000038 0000000052a5196d
0x000000840e6ff660:   0000000052cca708 0000000052c68d50
0x000000840e6ff670:   0000000000000140 000000840e6ff6d0
0x000000840e6ff680:   000002688d80c800 0000000052a51ce5
0x000000840e6ff690:   000002688d80a5c0 0000000000000000
0x000000840e6ff6a0:   0000000000000000 0000000052a516a7
0x000000840e6ff6b0:   0000000000000000 0000000052a9d569
0x000000840e6ff6c0:   00000047907caa65 00000000524f0000
0x000000840e6ff6d0:   000002688d8179d0 0000000000000000
0x000000840e6ff6e0:   0000000000000004 00000b204eef7fbc
0x000000840e6ff6f0:   0000000000000000 00000000526a2b35
0x000000840e6ff700:   0000000000000004 0000000000000000
0x000000840e6ff710:   000002688d7da5d0 000000840e6ffa78
0x000000840e6ff720:   000000840e6ff760 00000000526a0ed1
0x000000840e6ff730:   0000000000000000 000000840e6ff760 

Instructions: (pc=0x00000000526a2f83)
0x00000000526a2f63:   48 33 c4 48 89 84 24 a8 00 00 00 0f b6 c2 88 54
0x00000000526a2f73:   24 31 48 8b e9 49 83 c8 ff 0f 1f 40 00 49 ff c0
0x00000000526a2f83:   41 80 3c 08 00 75 f6 33 f6 45 33 ed 88 44 24 30
0x00000000526a2f93:   45 85 c0 0f 8e 78 02 00 00 8b 0d a2 10 7e 00 65 



---------------  P R O C E S S  ---------------

Java Threads: ( => current thread )

Other Threads:

[error occurred during error reporting (printing all threads), id 0xc0000005]

VM state:not at safepoint (not fully initialized)

VM Mutex/Monitor currently owned by a thread: None


[error occurred during error reporting (printing compressed oops mode), id 0xc0000005]

Deoptimization events (0 events):
No events

Classes redefined (0 events):
No events

Internal exceptions (0 events):
No events

Events (0 events):
No events


Dynamic libraries:
0x00007ff67d130000 - 0x00007ff67d16e000 	C:\Program Files\Java\jdk-9.0.4\bin\javaw.exe
0x00007ff89c660000 - 0x00007ff89c840000 	C:\WINDOWS\SYSTEM32\ntdll.dll
0x00007ff89a2e0000 - 0x00007ff89a38e000 	C:\WINDOWS\System32\KERNEL32.DLL
0x00007ff8994c0000 - 0x00007ff899726000 	C:\WINDOWS\System32\KERNELBASE.dll
0x00007ff89a530000 - 0x00007ff89a5d1000 	C:\WINDOWS\System32\ADVAPI32.dll
0x00007ff89acc0000 - 0x00007ff89ad5d000 	C:\WINDOWS\System32\msvcrt.dll
0x00007ff89c320000 - 0x00007ff89c37b000 	C:\WINDOWS\System32\sechost.dll
0x00007ff89c390000 - 0x00007ff89c4af000 	C:\WINDOWS\System32\RPCRT4.dll
0x00007ff89ab30000 - 0x00007ff89acbf000 	C:\WINDOWS\System32\USER32.dll
0x00007ff8994a0000 - 0x00007ff8994c0000 	C:\WINDOWS\System32\win32u.dll
0x00007ff89aae0000 - 0x00007ff89ab08000 	C:\WINDOWS\System32\GDI32.dll
0x00007ff898b00000 - 0x00007ff898c93000 	C:\WINDOWS\System32\gdi32full.dll
0x00007ff898a60000 - 0x00007ff898afb000 	C:\WINDOWS\System32\msvcp_win.dll
0x00007ff899900000 - 0x00007ff8999f6000 	C:\WINDOWS\System32\ucrtbase.dll
0x00007ff888de0000 - 0x00007ff889049000 	C:\WINDOWS\WinSxS\amd64_microsoft.windows.common-controls_6595b64144ccf1df_6.0.16299.248_none_15ced204935f55d7\COMCTL32.dll
0x00007ff8951a0000 - 0x00007ff8951aa000 	C:\WINDOWS\SYSTEM32\VERSION.dll
0x00007ff89a7d0000 - 0x00007ff89aad8000 	C:\WINDOWS\System32\combase.dll
0x00007ff899a50000 - 0x00007ff899ac2000 	C:\WINDOWS\System32\bcryptPrimitives.dll
0x00007ff89a1b0000 - 0x00007ff89a1dd000 	C:\WINDOWS\System32\IMM32.DLL
0x00007ff877380000 - 0x00007ff87746f000 	C:\Program Files\Java\jdk-9.0.4\bin\msvcr120.dll
0x00007ff88d500000 - 0x00007ff88d5a6000 	C:\Program Files\Java\jdk-9.0.4\bin\msvcp120.dll
0x00000000524f0000 - 0x0000000052f15000 	C:\Program Files\Java\jdk-9.0.4\bin\server\jvm.dll
0x00007ff89c380000 - 0x00007ff89c388000 	C:\WINDOWS\System32\PSAPI.DLL
0x00007ff895770000 - 0x00007ff895779000 	C:\WINDOWS\SYSTEM32\WSOCK32.dll
0x00007ff896ec0000 - 0x00007ff896ee3000 	C:\WINDOWS\SYSTEM32\WINMM.dll
0x00007ff89c2b0000 - 0x00007ff89c31c000 	C:\WINDOWS\System32\WS2_32.dll
0x00007ff896e60000 - 0x00007ff896e8a000 	C:\WINDOWS\SYSTEM32\winmmbase.dll
0x00007ff899a00000 - 0x00007ff899a4a000 	C:\WINDOWS\System32\cfgmgr32.dll
0x00007ff892e00000 - 0x00007ff892e0f000 	C:\Program Files\Java\jdk-9.0.4\bin\verify.dll
0x00007ff8912f0000 - 0x00007ff891317000 	C:\Program Files\Java\jdk-9.0.4\bin\java.dll
0x00007ff8914f0000 - 0x00007ff891506000 	C:\Program Files\Java\jdk-9.0.4\bin\zip.dll
0x00007ff8902f0000 - 0x00007ff8902fa000 	C:\Program Files\Java\jdk-9.0.4\bin\jimage.dll
0x00007ff887be0000 - 0x00007ff887da8000 	C:\WINDOWS\SYSTEM32\dbghelp.dll

VM Arguments:
java_command: C:\Users\JMV\Desktop\JAVA\projetos\tutorials-master\GameJavaFx\src\Game.java
java_class_path (initial): .
Launcher Type: SUN_STANDARD

Logging:
Log output configuration:
#0: stdout all=warning uptime,level,tags
#1: stderr all=off uptime,level,tags

Environment Variables:
PATH=C:\ProgramData\Oracle\Java\javapath;C:\Program Files (x86)\Intel\iCLS Client\;C:\Program Files\Intel\iCLS Client\;C:\WINDOWS\system32;C:\WINDOWS;C:\WINDOWS\System32\Wbem;C:\WINDOWS\System32\WindowsPowerShell\v1.0\;C:\Program Files (x86)\Intel\Intel(R) Management Engine Components\DAL;C:\Program Files\Intel\Intel(R) Management Engine Components\DAL;C:\Program Files (x86)\Intel\Intel(R) Management Engine Components\IPT;C:\Program Files\Intel\Intel(R) Management Engine Components\IPT;C:\Users\JMV\AppData\Local\Microsoft\WindowsApps;
USERNAME=JMV
OS=Windows_NT
PROCESSOR_IDENTIFIER=Intel64 Family 6 Model 78 Stepping 3, GenuineIntel



---------------  S Y S T E M  ---------------

OS: Windows 10 , 64 bit Build 16299 (10.0.16299.15)

CPU:total 4 (initial active 4) 

Memory: 4k page, physical 4105900k(1379484k free), swap 6137516k(3041532k free)

vm_info: Java HotSpot(TM) 64-Bit Server VM (9.0.4+11) for windows-amd64 JRE (9.0.4+11), built on Dec 20 2017 02:18:54 by "mach5one" with MS VC++ 12.0 (VS2013)

END.
